  dungeonScene.cpp
c:\users\sdh00\desktop\20170720_1d\dungeonscene.cpp : warning C4819: 현재 코드 페이지(949)에서 표시할 수 없는 문자가 파일에 들어 있습니다. 데이터가 손실되지 않게 하려면 해당 파일을 유니코드 형식으로 저장하십시오.
c:\users\sdh00\desktop\20170720_1d\enemy.h(87): warning C4552: '-': 의미 없는 연산자입니다. 파생 작업이 있는 연산자여야 합니다.
c:\users\sdh00\desktop\20170720_1d\enemy.h(88): warning C4552: '-': 의미 없는 연산자입니다. 파생 작업이 있는 연산자여야 합니다.
c:\users\sdh00\desktop\20170720_1d\dungeonscene.cpp(113): warning C4244: '인수': 'int'에서 'float'(으)로 변환하면서 데이터가 손실될 수 있습니다.
c:\users\sdh00\desktop\20170720_1d\dungeonscene.cpp(131): warning C4244: '인수': 'int'에서 'float'(으)로 변환하면서 데이터가 손실될 수 있습니다.
c:\users\sdh00\desktop\20170720_1d\dungeonscene.cpp(137): warning C4244: '인수': 'LONG'에서 'float'(으)로 변환하면서 데이터가 손실될 수 있습니다.
c:\users\sdh00\desktop\20170720_1d\dungeonscene.cpp(138): warning C4244: '인수': 'LONG'에서 'float'(으)로 변환하면서 데이터가 손실될 수 있습니다.
c:\users\sdh00\desktop\20170720_1d\dungeonscene.cpp(139): warning C4244: '인수': 'LONG'에서 'float'(으)로 변환하면서 데이터가 손실될 수 있습니다.
c:\users\sdh00\desktop\20170720_1d\dungeonscene.cpp(140): warning C4244: '인수': 'LONG'에서 'float'(으)로 변환하면서 데이터가 손실될 수 있습니다.
c:\users\sdh00\desktop\20170720_1d\dungeonscene.cpp(147): warning C4244: '인수': 'LONG'에서 'float'(으)로 변환하면서 데이터가 손실될 수 있습니다.
c:\users\sdh00\desktop\20170720_1d\dungeonscene.cpp(148): warning C4244: '인수': 'LONG'에서 'float'(으)로 변환하면서 데이터가 손실될 수 있습니다.
c:\users\sdh00\desktop\20170720_1d\dungeonscene.cpp(152): warning C4244: '인수': 'LONG'에서 'float'(으)로 변환하면서 데이터가 손실될 수 있습니다.
c:\users\sdh00\desktop\20170720_1d\dungeonscene.cpp(153): warning C4244: '인수': 'LONG'에서 'float'(으)로 변환하면서 데이터가 손실될 수 있습니다.
c:\users\sdh00\desktop\20170720_1d\dungeonscene.cpp(161): warning C4244: '인수': 'int'에서 'float'(으)로 변환하면서 데이터가 손실될 수 있습니다.
c:\users\sdh00\desktop\20170720_1d\dungeonscene.cpp(162): warning C4244: '인수': 'int'에서 'float'(으)로 변환하면서 데이터가 손실될 수 있습니다.
c:\users\sdh00\desktop\20170720_1d\dungeonscene.cpp(168): warning C4244: '인수': 'int'에서 'float'(으)로 변환하면서 데이터가 손실될 수 있습니다.
c:\users\sdh00\desktop\20170720_1d\dungeonscene.cpp(215): warning C4244: '=': 'float'에서 'LONG'(으)로 변환하면서 데이터가 손실될 수 있습니다.
c:\users\sdh00\desktop\20170720_1d\dungeonscene.cpp(216): warning C4244: '=': 'float'에서 'LONG'(으)로 변환하면서 데이터가 손실될 수 있습니다.
c:\users\sdh00\desktop\20170720_1d\dungeonscene.cpp(224): warning C4244: '=': 'double'에서 'LONG'(으)로 변환하면서 데이터가 손실될 수 있습니다.
c:\users\sdh00\desktop\20170720_1d\dungeonscene.cpp(226): warning C4244: '=': 'double'에서 'LONG'(으)로 변환하면서 데이터가 손실될 수 있습니다.
c:\users\sdh00\desktop\20170720_1d\dungeonscene.cpp(330): warning C4018: '>=': signed 또는 unsigned가 일치하지 않습니다.
c:\users\sdh00\desktop\20170720_1d\dungeonscene.cpp(359): warning C4244: '인수': 'float'에서 'int'(으)로 변환하면서 데이터가 손실될 수 있습니다.
c:\users\sdh00\desktop\20170720_1d\dungeonscene.cpp(365): warning C4018: '<': signed 또는 unsigned가 일치하지 않습니다.
c:\users\sdh00\desktop\20170720_1d\dungeonscene.cpp(393): warning C4244: '인수': 'float'에서 'int'(으)로 변환하면서 데이터가 손실될 수 있습니다.
  characterManager.cpp
c:\users\sdh00\desktop\20170720_1d\enemy.h(87): warning C4552: '-': 의미 없는 연산자입니다. 파생 작업이 있는 연산자여야 합니다.
c:\users\sdh00\desktop\20170720_1d\enemy.h(88): warning C4552: '-': 의미 없는 연산자입니다. 파생 작업이 있는 연산자여야 합니다.
  코드를 생성하고 있습니다...
  건너뛰고 있습니다... (관련된 변경 내용 없음)
  winMain.cpp
  townScene.cpp
  disgaea.cpp
  Disgaea.vcxproj -> C:\Users\sdh00\Desktop\20170720_1D\Debug\Disgaea.exe
  Disgaea.vcxproj -> C:\Users\sdh00\Desktop\20170720_1D\Debug\Disgaea.pdb (Partial PDB)
