  stdafx.cpp
  winMain.cpp
  utils.cpp
  txtData.cpp
c:\users\sung-jin\documents\github\disgaea\disgaeabaseframeuni\txtdata.cpp(49): warning C4018: '<': signed 또는 unsigned가 일치하지 않습니다.
c:\users\sung-jin\documents\github\disgaea\disgaeabaseframeuni\txtdata.cpp(52): warning C4018: '<': signed 또는 unsigned가 일치하지 않습니다.
c:\users\sung-jin\documents\github\disgaea\disgaeabaseframeuni\txtdata.cpp(52): warning C4996: 'wcscat': This function or variable may be unsafe. Consider using wcscat_s instead. To disable deprecation, use _CRT_SECURE_NO_WARNINGS. See online help for details.
  c:\program files (x86)\windows kits\10\include\10.0.15063.0\ucrt\corecrt_wstring.h(104): note: 'wcscat' 선언을 참조하십시오.
c:\users\sung-jin\documents\github\disgaea\disgaeabaseframeuni\txtdata.cpp(85): warning C4996: 'wcstok': wcstok has been changed to conform with the ISO C standard, adding an extra context parameter. To use the legacy Microsoft wcstok, define _CRT_NON_CONFORMING_WCSTOK.
  c:\program files (x86)\windows kits\10\include\10.0.15063.0\ucrt\corecrt_wstring.h(261): note: 'wcstok' 선언을 참조하십시오.
c:\users\sung-jin\documents\github\disgaea\disgaeabaseframeuni\txtdata.cpp(88): warning C4996: 'wcstok': wcstok has been changed to conform with the ISO C standard, adding an extra context parameter. To use the legacy Microsoft wcstok, define _CRT_NON_CONFORMING_WCSTOK.
  c:\program files (x86)\windows kits\10\include\10.0.15063.0\ucrt\corecrt_wstring.h(261): note: 'wcstok' 선언을 참조하십시오.
c:\users\sung-jin\documents\github\disgaea\disgaeabaseframeuni\txtdata.cpp(81): warning C4101: 'temp' :참조되지 않은 지역 변수입니다.
  timer.cpp
  timeManager.cpp
  testScene.cpp
  soundManager.cpp
  sceneManager.cpp
  progressBar.cpp
c:\users\sung-jin\documents\github\disgaea\disgaeabaseframeuni\progressbar.cpp(25): warning C4244: '=': 'int'에서 'float'(으)로 변환하면서 데이터가 손실될 수 있습니다.
c:\users\sung-jin\documents\github\disgaea\disgaeabaseframeuni\progressbar.cpp(57): warning C4244: '=': 'float'에서 'int'(으)로 변환하면서 데이터가 손실될 수 있습니다.
c:\users\sung-jin\documents\github\disgaea\disgaeabaseframeuni\progressbar.cpp(58): warning C4244: '=': 'float'에서 'int'(으)로 변환하면서 데이터가 손실될 수 있습니다.
c:\users\sung-jin\documents\github\disgaea\disgaeabaseframeuni\progressbar.cpp(60): warning C4244: '인수': 'float'에서 'int'(으)로 변환하면서 데이터가 손실될 수 있습니다.
c:\users\sung-jin\documents\github\disgaea\disgaeabaseframeuni\progressbar.cpp(74): warning C4244: '=': 'int'에서 'float'(으)로 변환하면서 데이터가 손실될 수 있습니다.
c:\users\sung-jin\documents\github\disgaea\disgaeabaseframeuni\progressbar.cpp(106): warning C4244: '인수': 'int'에서 'float'(으)로 변환하면서 데이터가 손실될 수 있습니다.
c:\users\sung-jin\documents\github\disgaea\disgaeabaseframeuni\progressbar.cpp(106): warning C4244: '인수': 'LONG'에서 'float'(으)로 변환하면서 데이터가 손실될 수 있습니다.
c:\users\sung-jin\documents\github\disgaea\disgaeabaseframeuni\progressbar.cpp(110): warning C4244: '인수': 'float'에서 'int'(으)로 변환하면서 데이터가 손실될 수 있습니다.
c:\users\sung-jin\documents\github\disgaea\disgaeabaseframeuni\progressbar.cpp(110): warning C4244: '인수': 'int'에서 'float'(으)로 변환하면서 데이터가 손실될 수 있습니다.
c:\users\sung-jin\documents\github\disgaea\disgaeabaseframeuni\progressbar.cpp(110): warning C4244: '인수': 'LONG'에서 'float'(으)로 변환하면서 데이터가 손실될 수 있습니다.
  player.cpp
c:\users\sung-jin\documents\github\disgaea\disgaeabaseframeuni\player.cpp(73): warning C4244: '인수': 'LONG'에서 'float'(으)로 변환하면서 데이터가 손실될 수 있습니다.
c:\users\sung-jin\documents\github\disgaea\disgaeabaseframeuni\player.cpp(76): warning C4244: '인수': 'LONG'에서 'float'(으)로 변환하면서 데이터가 손실될 수 있습니다.
c:\users\sung-jin\documents\github\disgaea\disgaeabaseframeuni\player.cpp(79): warning C4244: '인수': 'LONG'에서 'float'(으)로 변환하면서 데이터가 손실될 수 있습니다.
c:\users\sung-jin\documents\github\disgaea\disgaeabaseframeuni\player.cpp(82): warning C4244: '인수': 'LONG'에서 'float'(으)로 변환하면서 데이터가 손실될 수 있습니다.
c:\users\sung-jin\documents\github\disgaea\disgaeabaseframeuni\player.cpp(87): warning C4244: '인수': 'LONG'에서 'float'(으)로 변환하면서 데이터가 손실될 수 있습니다.
c:\users\sung-jin\documents\github\disgaea\disgaeabaseframeuni\player.cpp(90): warning C4244: '인수': 'LONG'에서 'float'(으)로 변환하면서 데이터가 손실될 수 있습니다.
c:\users\sung-jin\documents\github\disgaea\disgaeabaseframeuni\player.cpp(93): warning C4244: '인수': 'LONG'에서 'float'(으)로 변환하면서 데이터가 손실될 수 있습니다.
c:\users\sung-jin\documents\github\disgaea\disgaeabaseframeuni\player.cpp(96): warning C4244: '인수': 'LONG'에서 'float'(으)로 변환하면서 데이터가 손실될 수 있습니다.
c:\users\sung-jin\documents\github\disgaea\disgaeabaseframeuni\player.cpp(101): warning C4244: '인수': 'LONG'에서 'float'(으)로 변환하면서 데이터가 손실될 수 있습니다.
c:\users\sung-jin\documents\github\disgaea\disgaeabaseframeuni\player.cpp(104): warning C4244: '인수': 'LONG'에서 'float'(으)로 변환하면서 데이터가 손실될 수 있습니다.
c:\users\sung-jin\documents\github\disgaea\disgaeabaseframeuni\player.cpp(107): warning C4244: '인수': 'LONG'에서 'float'(으)로 변환하면서 데이터가 손실될 수 있습니다.
c:\users\sung-jin\documents\github\disgaea\disgaeabaseframeuni\player.cpp(110): warning C4244: '인수': 'LONG'에서 'float'(으)로 변환하면서 데이터가 손실될 수 있습니다.
c:\users\sung-jin\documents\github\disgaea\disgaeabaseframeuni\player.cpp(115): warning C4244: '인수': 'LONG'에서 'float'(으)로 변환하면서 데이터가 손실될 수 있습니다.
c:\users\sung-jin\documents\github\disgaea\disgaeabaseframeuni\player.cpp(118): warning C4244: '인수': 'LONG'에서 'float'(으)로 변환하면서 데이터가 손실될 수 있습니다.
c:\users\sung-jin\documents\github\disgaea\disgaeabaseframeuni\player.cpp(121): warning C4244: '인수': 'LONG'에서 'float'(으)로 변환하면서 데이터가 손실될 수 있습니다.
c:\users\sung-jin\documents\github\disgaea\disgaeabaseframeuni\player.cpp(124): warning C4244: '인수': 'LONG'에서 'float'(으)로 변환하면서 데이터가 손실될 수 있습니다.
c:\users\sung-jin\documents\github\disgaea\disgaeabaseframeuni\player.cpp(129): warning C4244: '인수': 'LONG'에서 'float'(으)로 변환하면서 데이터가 손실될 수 있습니다.
c:\users\sung-jin\documents\github\disgaea\disgaeabaseframeuni\player.cpp(132): warning C4244: '인수': 'LONG'에서 'float'(으)로 변환하면서 데이터가 손실될 수 있습니다.
c:\users\sung-jin\documents\github\disgaea\disgaeabaseframeuni\player.cpp(135): warning C4244: '인수': 'LONG'에서 'float'(으)로 변환하면서 데이터가 손실될 수 있습니다.
c:\users\sung-jin\documents\github\disgaea\disgaeabaseframeuni\player.cpp(138): warning C4244: '인수': 'LONG'에서 'float'(으)로 변환하면서 데이터가 손실될 수 있습니다.
c:\users\sung-jin\documents\github\disgaea\disgaeabaseframeuni\player.cpp(143): warning C4244: '인수': 'LONG'에서 'float'(으)로 변환하면서 데이터가 손실될 수 있습니다.
c:\users\sung-jin\documents\github\disgaea\disgaeabaseframeuni\player.cpp(146): warning C4244: '인수': 'LONG'에서 'float'(으)로 변환하면서 데이터가 손실될 수 있습니다.
c:\users\sung-jin\documents\github\disgaea\disgaeabaseframeuni\player.cpp(149): warning C4244: '인수': 'LONG'에서 'float'(으)로 변환하면서 데이터가 손실될 수 있습니다.
c:\users\sung-jin\documents\github\disgaea\disgaeabaseframeuni\player.cpp(152): warning C4244: '인수': 'LONG'에서 'float'(으)로 변환하면서 데이터가 손실될 수 있습니다.
c:\users\sung-jin\documents\github\disgaea\disgaeabaseframeuni\player.cpp(157): warning C4244: '인수': 'LONG'에서 'float'(으)로 변환하면서 데이터가 손실될 수 있습니다.
  menuScene.cpp
c:\users\sung-jin\documents\github\disgaea\disgaeabaseframeuni\menuscene.cpp(33): warning C4244: '인수': 'LONG'에서 'float'(으)로 변환하면서 데이터가 손실될 수 있습니다.
  mapToolScene.cpp
c:\users\sung-jin\documents\github\disgaea\disgaeabaseframeuni\maptoolscene.cpp(21): warning C4244: '인수': 'float'에서 'int'(으)로 변환하면서 데이터가 손실될 수 있습니다.
c:\users\sung-jin\documents\github\disgaea\disgaeabaseframeuni\maptoolscene.cpp(41): warning C4244: '=': 'float'에서 'int'(으)로 변환하면서 데이터가 손실될 수 있습니다.
c:\users\sung-jin\documents\github\disgaea\disgaeabaseframeuni\maptoolscene.cpp(42): warning C4244: '=': 'float'에서 'int'(으)로 변환하면서 데이터가 손실될 수 있습니다.
c:\users\sung-jin\documents\github\disgaea\disgaeabaseframeuni\maptoolscene.cpp(87): warning C4244: '=': 'float'에서 'int'(으)로 변환하면서 데이터가 손실될 수 있습니다.
c:\users\sung-jin\documents\github\disgaea\disgaeabaseframeuni\maptoolscene.cpp(88): warning C4244: '=': 'float'에서 'int'(으)로 변환하면서 데이터가 손실될 수 있습니다.
c:\users\sung-jin\documents\github\disgaea\disgaeabaseframeuni\maptoolscene.cpp(97): warning C4244: '인수': 'float'에서 'int'(으)로 변환하면서 데이터가 손실될 수 있습니다.
c:\users\sung-jin\documents\github\disgaea\disgaeabaseframeuni\maptoolscene.cpp(144): warning C4244: '=': 'float'에서 'LONG'(으)로 변환하면서 데이터가 손실될 수 있습니다.
c:\users\sung-jin\documents\github\disgaea\disgaeabaseframeuni\maptoolscene.cpp(145): warning C4244: '=': 'float'에서 'LONG'(으)로 변환하면서 데이터가 손실될 수 있습니다.
c:\users\sung-jin\documents\github\disgaea\disgaeabaseframeuni\maptoolscene.cpp(183): warning C4244: '=': 'LONG'에서 'float'(으)로 변환하면서 데이터가 손실될 수 있습니다.
c:\users\sung-jin\documents\github\disgaea\disgaeabaseframeuni\maptoolscene.cpp(184): warning C4244: '=': 'LONG'에서 'float'(으)로 변환하면서 데이터가 손실될 수 있습니다.
c:\users\sung-jin\documents\github\disgaea\disgaeabaseframeuni\maptoolscene.cpp(193): warning C4244: '인수': 'int'에서 'float'(으)로 변환하면서 데이터가 손실될 수 있습니다.
c:\users\sung-jin\documents\github\disgaea\disgaeabaseframeuni\maptoolscene.cpp(200): warning C4244: '인수': 'int'에서 'float'(으)로 변환하면서 데이터가 손실될 수 있습니다.
c:\users\sung-jin\documents\github\disgaea\disgaeabaseframeuni\maptoolscene.cpp(206): warning C4244: '인수': 'LONG'에서 'float'(으)로 변환하면서 데이터가 손실될 수 있습니다.
  loadingScene.cpp
  disgaea.cpp
  loading.cpp
c:\users\sung-jin\documents\github\disgaea\disgaeabaseframeuni\loading.cpp(131): warning C4018: '>=': signed 또는 unsigned가 일치하지 않습니다.
c:\users\sung-jin\documents\github\disgaea\disgaeabaseframeuni\loading.cpp(168): warning C4244: '인수': 'unsigned int'에서 'float'(으)로 변환하면서 데이터가 손실될 수 있습니다.
c:\users\sung-jin\documents\github\disgaea\disgaeabaseframeuni\loading.cpp(168): warning C4244: '인수': 'int'에서 'float'(으)로 변환하면서 데이터가 손실될 수 있습니다.
  keyManager.cpp
  imageManager.cpp
  image.cpp
c:\users\sung-jin\documents\github\disgaea\disgaeabaseframeuni\image.cpp(48): warning C4996: 'wcscpy': This function or variable may be unsafe. Consider using wcscpy_s instead. To disable deprecation, use _CRT_SECURE_NO_WARNINGS. See online help for details.
  c:\program files (x86)\windows kits\10\include\10.0.15063.0\ucrt\corecrt_wstring.h(127): note: 'wcscpy' 선언을 참조하십시오.
c:\users\sung-jin\documents\github\disgaea\disgaeabaseframeuni\image.cpp(117): warning C4996: 'wcscpy': This function or variable may be unsafe. Consider using wcscpy_s instead. To disable deprecation, use _CRT_SECURE_NO_WARNINGS. See online help for details.
  c:\program files (x86)\windows kits\10\include\10.0.15063.0\ucrt\corecrt_wstring.h(127): note: 'wcscpy' 선언을 참조하십시오.
c:\users\sung-jin\documents\github\disgaea\disgaeabaseframeuni\image.cpp(186): warning C4244: '인수': 'int'에서 'FLOAT'(으)로 변환하면서 데이터가 손실될 수 있습니다.
c:\users\sung-jin\documents\github\disgaea\disgaeabaseframeuni\image.cpp(204): warning C4244: '인수': 'int'에서 'FLOAT'(으)로 변환하면서 데이터가 손실될 수 있습니다.
c:\users\sung-jin\documents\github\disgaea\disgaeabaseframeuni\image.cpp(219): warning C4244: '인수': 'int'에서 'FLOAT'(으)로 변환하면서 데이터가 손실될 수 있습니다.
c:\users\sung-jin\documents\github\disgaea\disgaeabaseframeuni\image.cpp(278): warning C4244: '인수': 'int'에서 'FLOAT'(으)로 변환하면서 데이터가 손실될 수 있습니다.
c:\users\sung-jin\documents\github\disgaea\disgaeabaseframeuni\image.cpp(294): warning C4244: '인수': 'int'에서 'FLOAT'(으)로 변환하면서 데이터가 손실될 수 있습니다.
c:\users\sung-jin\documents\github\disgaea\disgaeabaseframeuni\image.cpp(303): warning C4244: '인수': 'LONG'에서 'float'(으)로 변환하면서 데이터가 손실될 수 있습니다.
c:\users\sung-jin\documents\github\disgaea\disgaeabaseframeuni\image.cpp(308): warning C4244: '인수': 'LONG'에서 'float'(으)로 변환하면서 데이터가 손실될 수 있습니다.
  gameNode.cpp
c:\users\sung-jin\documents\github\disgaea\disgaeabaseframeuni\gamenode.cpp(85): warning C4244: '=': 'float'에서 'LONG'(으)로 변환하면서 데이터가 손실될 수 있습니다.
c:\users\sung-jin\documents\github\disgaea\disgaeabaseframeuni\gamenode.cpp(86): warning C4244: '=': 'float'에서 'LONG'(으)로 변환하면서 데이터가 손실될 수 있습니다.
  effectManager.cpp
  코드를 생성하고 있습니다...
c:\users\sung-jin\documents\github\disgaea\disgaeabaseframeuni\txtdata.cpp(55): warning C4172: 지역 변수 또는 임시: str의 주소를 반환하고 있습니다.
  컴파일하고 있습니다...
  effect.cpp
c:\users\sung-jin\documents\github\disgaea\disgaeabaseframeuni\effect.cpp(62): warning C4244: '인수': 'int'에서 'float'(으)로 변환하면서 데이터가 손실될 수 있습니다.
  dungeonScene.cpp
c:\users\sung-jin\documents\github\disgaea\disgaeabaseframeuni\dungeonscene.cpp(46): warning C4244: '인수': 'int'에서 'float'(으)로 변환하면서 데이터가 손실될 수 있습니다.
c:\users\sung-jin\documents\github\disgaea\disgaeabaseframeuni\dungeonscene.cpp(53): warning C4244: '인수': 'int'에서 'float'(으)로 변환하면서 데이터가 손실될 수 있습니다.
c:\users\sung-jin\documents\github\disgaea\disgaeabaseframeuni\dungeonscene.cpp(79): warning C4244: '=': 'float'에서 'int'(으)로 변환하면서 데이터가 손실될 수 있습니다.
c:\users\sung-jin\documents\github\disgaea\disgaeabaseframeuni\dungeonscene.cpp(80): warning C4244: '=': 'float'에서 'int'(으)로 변환하면서 데이터가 손실될 수 있습니다.
  direct2DManager.cpp
c:\users\sung-jin\documents\github\disgaea\disgaeabaseframeuni\direct2dmanager.cpp(192): warning C4244: '=': 'double'에서 'FLOAT'(으)로 변환하면서 데이터가 손실될 수 있습니다.
c:\users\sung-jin\documents\github\disgaea\disgaeabaseframeuni\direct2dmanager.cpp(193): warning C4244: '=': 'double'에서 'FLOAT'(으)로 변환하면서 데이터가 손실될 수 있습니다.
c:\users\sung-jin\documents\github\disgaea\disgaeabaseframeuni\direct2dmanager.cpp(194): warning C4244: '=': 'double'에서 'FLOAT'(으)로 변환하면서 데이터가 손실될 수 있습니다.
c:\users\sung-jin\documents\github\disgaea\disgaeabaseframeuni\direct2dmanager.cpp(195): warning C4244: '=': 'double'에서 'FLOAT'(으)로 변환하면서 데이터가 손실될 수 있습니다.
c:\users\sung-jin\documents\github\disgaea\disgaeabaseframeuni\direct2dmanager.cpp(229): warning C4244: '=': 'double'에서 'FLOAT'(으)로 변환하면서 데이터가 손실될 수 있습니다.
c:\users\sung-jin\documents\github\disgaea\disgaeabaseframeuni\direct2dmanager.cpp(230): warning C4244: '=': 'double'에서 'FLOAT'(으)로 변환하면서 데이터가 손실될 수 있습니다.
c:\users\sung-jin\documents\github\disgaea\disgaeabaseframeuni\direct2dmanager.cpp(231): warning C4244: '=': 'double'에서 'FLOAT'(으)로 변환하면서 데이터가 손실될 수 있습니다.
c:\users\sung-jin\documents\github\disgaea\disgaeabaseframeuni\direct2dmanager.cpp(232): warning C4244: '=': 'double'에서 'FLOAT'(으)로 변환하면서 데이터가 손실될 수 있습니다.
  database.cpp
c:\users\sung-jin\documents\github\disgaea\disgaeabaseframeuni\database.cpp(42): warning C4018: '<': signed 또는 unsigned가 일치하지 않습니다.
c:\users\sung-jin\documents\github\disgaea\disgaeabaseframeuni\database.cpp(74): warning C4244: '=': 'float'에서 'int'(으)로 변환하면서 데이터가 손실될 수 있습니다.
c:\users\sung-jin\documents\github\disgaea\disgaeabaseframeuni\database.cpp(80): warning C4244: '=': 'float'에서 'int'(으)로 변환하면서 데이터가 손실될 수 있습니다.
  character1.cpp
  cameraManager.cpp
  button.cpp
c:\users\sung-jin\documents\github\disgaea\disgaeabaseframeuni\button.cpp(21): warning C4244: '=': 'int'에서 'float'(으)로 변환하면서 데이터가 손실될 수 있습니다.
c:\users\sung-jin\documents\github\disgaea\disgaeabaseframeuni\button.cpp(22): warning C4244: '=': 'int'에서 'float'(으)로 변환하면서 데이터가 손실될 수 있습니다.
c:\users\sung-jin\documents\github\disgaea\disgaeabaseframeuni\button.cpp(70): warning C4244: '인수': 'LONG'에서 'float'(으)로 변환하면서 데이터가 손실될 수 있습니다.
c:\users\sung-jin\documents\github\disgaea\disgaeabaseframeuni\button.cpp(74): warning C4244: '인수': 'LONG'에서 'float'(으)로 변환하면서 데이터가 손실될 수 있습니다.
  animation.cpp
  코드를 생성하고 있습니다...
  Disgaea.vcxproj -> C:\Users\Sung-Jin\Documents\GitHub\Disgaea\DisgaeaBaseFrameUni\Debug\Disgaea.exe
  Disgaea.vcxproj -> C:\Users\Sung-Jin\Documents\GitHub\Disgaea\DisgaeaBaseFrameUni\Debug\Disgaea.pdb (Partial PDB)
